This is LuaTeX, Version 1.0.4 (TeX Live 2017/Debian)  (format=lualatex 2019.1.21)  7 MAR 2019 00:02
 restricted system commands enabled.
**report.tex
(./report.tex
LaTeX2e <2017-04-15>
[\directlua]:1: module 'luaotfload-main' not found:
	no field package.preload['luaotfload-main']
	[kpse lua searcher] file not found: 'luaotfload-main'
	[kpse C searcher] file not found: 'luaotfload-main'
Error in luaotfload: reverting to OT1
Babel <3.18> and hyphenation patterns for 1 language(s) loaded.
(/usr/share/texlive/texmf-dist/tex/latex/base/article.cls
Document Class: article 2014/09/29 v1.4h Standard LaTeX document class
(/usr/share/texlive/texmf-dist/tex/latex/base/size12.clo
File: size12.clo 2014/09/29 v1.4h Standard LaTeX file (size option)
LaTeX Font Info:    Try loading font information for OT1+lmr on input line 54.

(/usr/share/texmf/tex/latex/lm/ot1lmr.fd
File: ot1lmr.fd 2009/10/30 v1.6 Font defs for Latin Modern
))
\c@part=\count79
\c@section=\count80
\c@subsection=\count81
\c@subsubsection=\count82
\c@paragraph=\count83
\c@subparagraph=\count84
\c@figure=\count85
\c@table=\count86
\abovecaptionskip=\skip41
\belowcaptionskip=\skip42
\bibindent=\dimen102
)
(/usr/share/texlive/texmf-dist/tex/latex/amsmath/amsmath.sty
Package: amsmath 2017/09/02 v2.17a AMS math features
\@mathmargin=\skip43

For additional information on amsmath, use the `?' option.
(/usr/share/texlive/texmf-dist/tex/latex/amsmath/amstext.sty
Package: amstext 2000/06/29 v2.01 AMS text

(/usr/share/texlive/texmf-dist/tex/latex/amsmath/amsgen.sty
File: amsgen.sty 1999/11/30 v2.0 generic functions
\@emptytoks=\toks14
\ex@=\dimen103
))
(/usr/share/texlive/texmf-dist/tex/latex/amsmath/amsbsy.sty
Package: amsbsy 1999/11/29 v1.2d Bold Symbols
\pmbraise@=\dimen104
)
(/usr/share/texlive/texmf-dist/tex/latex/amsmath/amsopn.sty
Package: amsopn 2016/03/08 v2.02 operator names
)
\inf@bad=\count87
LaTeX Info: Redefining \frac on input line 213.
\uproot@=\count88
\leftroot@=\count89
LaTeX Info: Redefining \overline on input line 375.
\classnum@=\count90
\DOTSCASE@=\count91
LaTeX Info: Redefining \ldots on input line 472.
LaTeX Info: Redefining \dots on input line 475.
LaTeX Info: Redefining \cdots on input line 596.
\Mathstrutbox@=\box26
\strutbox@=\box27
\big@size=\dimen105
LaTeX Font Info:    Redeclaring font encoding OML on input line 712.
LaTeX Font Info:    Redeclaring font encoding OMS on input line 713.
\macc@depth=\count92
\c@MaxMatrixCols=\count93
\dotsspace@=\muskip10
\c@parentequation=\count94
\dspbrk@lvl=\count95
\tag@help=\toks15
\row@=\count96
\column@=\count97
\maxfields@=\count98
\andhelp@=\toks16
\eqnshift@=\dimen106
\alignsep@=\dimen107
\tagshift@=\dimen108
\tagwidth@=\dimen109
\totwidth@=\dimen110
\lineht@=\dimen111
\@envbody=\toks17
\multlinegap=\skip44
\multlinetaggap=\skip45
\mathdisplay@stack=\toks18
LaTeX Info: Redefining \[ on input line 2817.
LaTeX Info: Redefining \] on input line 2818.
)
(/usr/share/texlive/texmf-dist/tex/latex/graphics/graphicx.sty
Package: graphicx 2017/06/01 v1.1a Enhanced LaTeX Graphics (DPC,SPQR)

(/usr/share/texlive/texmf-dist/tex/latex/graphics/keyval.sty
Package: keyval 2014/10/28 v1.15 key=value parser (DPC)
\KV@toks@=\toks19
)
(/usr/share/texlive/texmf-dist/tex/latex/graphics/graphics.sty
Package: graphics 2017/06/25 v1.2c Standard LaTeX Graphics (DPC,SPQR)

(/usr/share/texlive/texmf-dist/tex/latex/graphics/trig.sty
Package: trig 2016/01/03 v1.10 sin cos tan (DPC)
)
(/usr/share/texlive/texmf-dist/tex/latex/graphics-cfg/graphics.cfg
File: graphics.cfg 2016/06/04 v1.11 sample graphics configuration
)
Package graphics Info: Driver file: luatex.def on input line 99.

(/usr/share/texlive/texmf-dist/tex/latex/graphics-def/luatex.def
File: luatex.def 2018/01/08 v1.0l Graphics/color driver for luatex
))
\Gin@req@height=\dimen112
\Gin@req@width=\dimen113
)
(/usr/share/texlive/texmf-dist/tex/latex/caption/subcaption.sty
Package: subcaption 2016/05/22 v1.1-161 Sub-captions (AR)

(/usr/share/texlive/texmf-dist/tex/latex/caption/caption.sty
Package: caption 2016/02/21 v3.3-144 Customizing captions (AR)

(/usr/share/texlive/texmf-dist/tex/latex/caption/caption3.sty
Package: caption3 2016/05/22 v1.7-166 caption3 kernel (AR)
Package caption3 Info: TeX engine: e-TeX on input line 67.
\captionmargin=\dimen114
\captionmargin@=\dimen115
\captionwidth=\dimen116
\caption@tempdima=\dimen117
\caption@indent=\dimen118
\caption@parindent=\dimen119
\caption@hangindent=\dimen120
)
\c@ContinuedFloat=\count99
)
\c@subfigure=\count100
\c@subtable=\count101
) (./report.aux)
\openout1 = report.aux

LaTeX Font Info:    Checking defaults for OML/cmm/m/it on input line 10.
LaTeX Font Info:    ... okay on input line 10.
LaTeX Font Info:    Checking defaults for T1/cmr/m/n on input line 10.
LaTeX Font Info:    ... okay on input line 10.
LaTeX Font Info:    Checking defaults for OT1/cmr/m/n on input line 10.
LaTeX Font Info:    ... okay on input line 10.
LaTeX Font Info:    Checking defaults for OMS/cmsy/m/n on input line 10.
LaTeX Font Info:    ... okay on input line 10.
LaTeX Font Info:    Checking defaults for TU/lmr/m/n on input line 10.
LaTeX Font Info:    ... okay on input line 10.
LaTeX Font Info:    Checking defaults for OMX/cmex/m/n on input line 10.
LaTeX Font Info:    ... okay on input line 10.
LaTeX Font Info:    Checking defaults for U/cmr/m/n on input line 10.
LaTeX Font Info:    ... okay on input line 10.
(/usr/share/texlive/texmf-dist/tex/context/base/mkii/supp-pdf.mkii
[Loading MPS to PDF converter (version 2006.09.02).]
\scratchcounter=\count102
\scratchdimen=\dimen121
\scratchbox=\box28
\nofMPsegments=\count103
\nofMParguments=\count104
\everyMPshowfont=\toks20
\MPscratchCnt=\count105
\MPscratchDim=\dimen122
\MPnumerator=\count106
\makeMPintoPDFobject=\count107
\everyMPtoPDFconversion=\toks21
) (/usr/share/texlive/texmf-dist/tex/latex/oberdiek/epstopdf-base.sty
Package: epstopdf-base 2016/05/15 v2.6 Base part for package epstopdf

(/usr/share/texlive/texmf-dist/tex/generic/oberdiek/infwarerr.sty
Package: infwarerr 2016/05/16 v1.4 Providing info/warning/error messages (HO)
)
(/usr/share/texlive/texmf-dist/tex/latex/oberdiek/grfext.sty
Package: grfext 2016/05/16 v1.2 Manage graphics extensions (HO)

(/usr/share/texlive/texmf-dist/tex/generic/oberdiek/kvdefinekeys.sty
Package: kvdefinekeys 2016/05/16 v1.4 Define keys (HO)

(/usr/share/texlive/texmf-dist/tex/generic/oberdiek/ltxcmds.sty
Package: ltxcmds 2016/05/16 v1.23 LaTeX kernel commands for general use (HO)
)))
(/usr/share/texlive/texmf-dist/tex/latex/oberdiek/kvoptions.sty
Package: kvoptions 2016/05/16 v3.12 Key value format for package options (HO)

(/usr/share/texlive/texmf-dist/tex/generic/oberdiek/kvsetkeys.sty
Package: kvsetkeys 2016/05/16 v1.17 Key value parser (HO)

(/usr/share/texlive/texmf-dist/tex/generic/oberdiek/etexcmds.sty
Package: etexcmds 2016/05/16 v1.6 Avoid name clashes with e-TeX commands (HO)

(/usr/share/texlive/texmf-dist/tex/generic/oberdiek/ifluatex.sty
Package: ifluatex 2016/05/16 v1.4 Provides the ifluatex switch (HO)
Package ifluatex Info: LuaTeX detected.
))))
(/usr/share/texlive/texmf-dist/tex/generic/oberdiek/pdftexcmds.sty
Package: pdftexcmds 2018/01/21 v0.26 Utility functions of pdfTeX for LuaTeX (HO)


(/usr/share/texlive/texmf-dist/tex/generic/oberdiek/ifpdf.sty
Package: ifpdf 2017/03/15 v3.2 Provides the ifpdf switch
)
Package pdftexcmds Info: \pdf@primitive is available.
Package pdftexcmds Info: \pdf@ifprimitive is available.
Package pdftexcmds Info: \pdfdraftmode found.
\pdftexcmds@toks=\toks22
)
Package epstopdf-base Info: Redefining graphics rule for `.eps' on input line 43
8.
Package grfext Info: Graphics extension search list:
(grfext)             [.pdf,.png,.jpg,.mps,.jpeg,.jbig2,.jb2,.PDF,.PNG,.JPG,.JPEG
,.JBIG2,.JB2,.eps]
(grfext)             \AppendGraphicsExtensions on input line 456.

(/usr/share/texlive/texmf-dist/tex/latex/latexconfig/epstopdf-sys.cfg
File: epstopdf-sys.cfg 2010/07/13 v1.3 Configuration of (r)epstopdf for TeX Live

))
Package caption Info: Begin \AtBeginDocument code.
Package caption Info: End \AtBeginDocument code.
LaTeX Font Info:    Try loading font information for OT1+lmtt on input line 16.

(/usr/share/texmf/tex/latex/lm/ot1lmtt.fd
File: ot1lmtt.fd 2009/10/30 v1.6 Font defs for Latin Modern
) [1

{/var/lib/texmf/fonts/map/pdftex/updmap/pdftex.map}] [2]
<figures/Screenshot2.png, id=21, 789.95125pt x 235.88126pt>
File: figures/Screenshot2.png Graphic file (type png)
<use figures/Screenshot2.png>
Package luatex.def Info: figures/Screenshot2.png  used on input line 68.
(luatex.def)             Requested size: 390.0pt x 116.45384pt.
<figures/Convergence1.pdf, id=22, 462.52798pt x 346.89601pt>
File: figures/Convergence1.pdf Graphic file (type pdf)
<use figures/Convergence1.pdf>
Package luatex.def Info: figures/Convergence1.pdf  used on input line 82.
(luatex.def)             Requested size: 390.0pt x 292.51282pt.
<figures/Time1.pdf, id=23, 462.52798pt x 346.89601pt>
File: figures/Time1.pdf Graphic file (type pdf)
<use figures/Time1.pdf>
Package luatex.def Info: figures/Time1.pdf  used on input line 89.
(luatex.def)             Requested size: 390.0pt x 292.51282pt.
 [3<./figures/Screenshot2.png>] [4<./figures/Convergence1.pdf>] [5<./figures/Tim
e1.pdf>] [6]
<figures/zeta2Convergence.pdf, id=122, 462.52798pt x 346.89601pt>
File: figures/zeta2Convergence.pdf Graphic file (type pdf)
<use figures/zeta2Convergence.pdf>
Package luatex.def Info: figures/zeta2Convergence.pdf  used on input line 147.
(luatex.def)             Requested size: 175.49881pt x 131.62599pt.
<figures/mach2Convergence.pdf, id=123, 462.52798pt x 346.89601pt>
File: figures/mach2Convergence.pdf Graphic file (type pdf)
<use figures/mach2Convergence.pdf>
Package luatex.def Info: figures/mach2Convergence.pdf  used on input line 150.
(luatex.def)             Requested size: 175.49881pt x 131.62599pt.
<figures/zeta2Time.pdf, id=124, 462.52798pt x 346.89601pt>
File: figures/zeta2Time.pdf Graphic file (type pdf)
<use figures/zeta2Time.pdf>
Package luatex.def Info: figures/zeta2Time.pdf  used on input line 157.
(luatex.def)             Requested size: 175.49881pt x 131.62599pt.
<figures/mach2Time.pdf, id=125, 462.52798pt x 346.89601pt>
File: figures/mach2Time.pdf Graphic file (type pdf)
<use figures/mach2Time.pdf>
Package luatex.def Info: figures/mach2Time.pdf  used on input line 160.
(luatex.def)             Requested size: 175.49881pt x 131.62599pt.
 [7<./figures/zeta2Convergence.pdf><./figures/mach2Convergence.pdf><./figures/ze
ta2Time.pdf><./figures/mach2Time.pdf>]
[8]
<figures/zeta3Convergence.pdf, id=320, 462.52798pt x 346.89601pt>
File: figures/zeta3Convergence.pdf Graphic file (type pdf)
<use figures/zeta3Convergence.pdf>
Package luatex.def Info: figures/zeta3Convergence.pdf  used on input line 200.
(luatex.def)             Requested size: 175.49881pt x 131.62599pt.
<figures/mach3Convergence.pdf, id=321, 462.52798pt x 346.89601pt>
File: figures/mach3Convergence.pdf Graphic file (type pdf)
<use figures/mach3Convergence.pdf>
Package luatex.def Info: figures/mach3Convergence.pdf  used on input line 203.
(luatex.def)             Requested size: 175.49881pt x 131.62599pt.
<figures/zeta3Time.pdf, id=322, 462.52798pt x 346.89601pt>
File: figures/zeta3Time.pdf Graphic file (type pdf)
<use figures/zeta3Time.pdf>
Package luatex.def Info: figures/zeta3Time.pdf  used on input line 210.
(luatex.def)             Requested size: 175.49881pt x 131.62599pt.
<figures/mach3Time.pdf, id=323, 462.52798pt x 346.89601pt>
File: figures/mach3Time.pdf Graphic file (type pdf)
<use figures/mach3Time.pdf>
Package luatex.def Info: figures/mach3Time.pdf  used on input line 213.
(luatex.def)             Requested size: 175.49881pt x 131.62599pt.
 [9<./figures/zeta3Convergence.pdf><./figures/mach3Convergence.pdf><./figures/ze
ta3Time.pdf><./figures/mach3Time.pdf>]
<figures/zeta4Time.pdf, id=511, 462.52798pt x 346.89601pt>
File: figures/zeta4Time.pdf Graphic file (type pdf)
<use figures/zeta4Time.pdf>
Package luatex.def Info: figures/zeta4Time.pdf  used on input line 234.
(luatex.def)             Requested size: 175.49881pt x 131.62599pt.
<figures/mach4Time.pdf, id=512, 462.52798pt x 346.89601pt>
File: figures/mach4Time.pdf Graphic file (type pdf)
<use figures/mach4Time.pdf>
Package luatex.def Info: figures/mach4Time.pdf  used on input line 237.
(luatex.def)             Requested size: 175.49881pt x 131.62599pt.
 [10<./figures/zeta4Time.pdf><./figures/mach4Time.pdf>]

LaTeX Warning: No positions in optional float specifier.
               Default added (so using `tbp') on input line 257.

[11] [12]
LaTeX Font Info:    Try loading font information for OMS+lmr on input line 303.
 (/usr/share/texmf/tex/latex/lm/omslmr.fd
File: omslmr.fd 2009/10/30 v1.6 Font defs for Latin Modern
)
LaTeX Font Info:    Try loading font information for OMS+lmsy on input line 303.


(/usr/share/texmf/tex/latex/lm/omslmsy.fd
File: omslmsy.fd 2009/10/30 v1.6 Font defs for Latin Modern
)
LaTeX Font Info:    Font shape `OMS/lmr/m/n' in size <12> not available
(Font)              Font shape `OMS/lmsy/m/n' tried instead on input line 303.
 [13] (./report.aux))

Here is how much of LuaTeX's memory you used:
 3627 strings out of 494480
 100000,128383 words of node,token memory allocated
 405 words of node memory still in use:
   5 hlist, 2 vlist, 2 rule, 2 glue, 1 kern, 48 glue_spec, 1 write nodes
   avail lists: 2:19,3:96,4:33,5:201,6:2433,7:925,8:60,9:179,10:22,11:200
 7478 multiletter control sequences out of 65536+600000
 51 fonts using 2120699 bytes
 42i,9n,40p,257b,403s stack positions out of 5000i,500n,10000p,200000b,100000s
{/usr/share/texmf/fonts/enc/dvips/lm/lm-mathsy.enc}{/usr/share/texmf/fonts/enc/d
vips/lm/lm-rmtt.enc}{/usr/share/texmf/fonts/enc/dvips/lm/lm-rm.enc}</usr/share/t
exlive/texmf-dist/fonts/type1/public/amsfonts/cm/cmex10.pfb></usr/share/texlive/
texmf-dist/fonts/type1/public/amsfonts/cm/cmmi12.pfb></usr/share/texlive/texmf-d
ist/fonts/type1/public/amsfonts/cm/cmmi8.pfb></usr/share/texlive/texmf-dist/font
s/type1/public/amsfonts/cm/cmr12.pfb></usr/share/texlive/texmf-dist/fonts/type1/
public/amsfonts/cm/cmr6.pfb></usr/share/texlive/texmf-dist/fonts/type1/public/am
sfonts/cm/cmr8.pfb></usr/share/texlive/texmf-dist/fonts/type1/public/amsfonts/cm
/cmsy10.pfb></usr/share/texlive/texmf-dist/fonts/type1/public/amsfonts/cm/cmsy8.
pfb></usr/share/texmf/fonts/type1/public/lm/lmbx12.pfb></usr/share/texmf/fonts/t
ype1/public/lm/lmr12.pfb></usr/share/texmf/fonts/type1/public/lm/lmr17.pfb></usr
/share/texmf/fonts/type1/public/lm/lmsy10.pfb></usr/share/texmf/fonts/type1/publ
ic/lm/lmtt12.pfb>
Output written on report.pdf (13 pages, 391187 bytes).

PDF statistics: 671 PDF objects out of 1000 (max. 8388607)
 252 compressed objects within 3 object streams
 0 named destinations out of 1000 (max. 131072)
 1 words of extra memory for PDF output out of 10000 (max. 100000000)

